【2016-06-17 17:45:28】
url: http://59.188.252.210/css/base.css
控制器 CssAction 未找到!

【2016-06-17 17:45:28】
url: http://59.188.252.210/bg.jpg
控制器 Bg.jpgAction 未找到!

【2016-06-17 17:45:29】
url: http://59.188.252.210/css/base.css
控制器 CssAction 未找到!

【2016-06-17 17:45:29】
url: http://59.188.252.210/bg.jpg
控制器 Bg.jpgAction 未找到!

【2016-06-17 17:45:30】
url: http://59.188.252.210/css/base.css
控制器 CssAction 未找到!

【2016-06-17 17:45:30】
url: http://59.188.252.210/bg.jpg
控制器 Bg.jpgAction 未找到!

【2016-06-17 17:45:30】
url: http://59.188.252.210/css/base.css
控制器 CssAction 未找到!

【2016-06-17 17:45:30】
url: http://59.188.252.210/bg.jpg
控制器 Bg.jpgAction 未找到!

【2016-06-17 17:45:30】
url: http://59.188.252.210/css/base.css
控制器 CssAction 未找到!

【2016-06-17 17:45:30】
url: http://59.188.252.210/bg.jpg
控制器 Bg.jpgAction 未找到!

【2016-06-17 17:46:32】
url: http://59.188.252.210/css/base.css
控制器 CssAction 未找到!

【2016-06-17 17:46:32】
url: http://59.188.252.210/bg.jpg
控制器 Bg.jpgAction 未找到!

【2016-06-17 17:46:34】
url: http://59.188.252.210/css/base.css
控制器 CssAction 未找到!

【2016-06-17 17:46:34】
url: http://59.188.252.210/bg.jpg
控制器 Bg.jpgAction 未找到!

【2016-06-17 17:49:42】
url: http://59.188.252.210/css/base.css
控制器 CssAction 未找到!

【2016-06-17 17:49:42】
url: http://59.188.252.210/bg.jpg
控制器 Bg.jpgAction 未找到!

【2016-06-17 17:49:43】
url: http://59.188.252.210/css/base.css
控制器 CssAction 未找到!

【2016-06-17 17:49:43】
url: http://59.188.252.210/bg.jpg
控制器 Bg.jpgAction 未找到!

【2016-06-17 17:49:44】
url: http://59.188.252.210/css/base.css
控制器 CssAction 未找到!

【2016-06-17 17:49:44】
url: http://59.188.252.210/bg.jpg
控制器 Bg.jpgAction 未找到!

【2016-06-17 17:49:45】
url: http://59.188.252.210/css/base.css
控制器 CssAction 未找到!

【2016-06-17 17:49:45】
url: http://59.188.252.210/bg.jpg
控制器 Bg.jpgAction 未找到!

【2016-06-17 17:49:46】
url: http://59.188.252.210/css/base.css
控制器 CssAction 未找到!

【2016-06-17 17:49:46】
url: http://59.188.252.210/bg.jpg
控制器 Bg.jpgAction 未找到!

【2016-06-17 17:50:08】
url: http://xxooxo.net/css/base.css
控制器 CssAction 未找到!

【2016-06-17 17:50:08】
url: http://xxooxo.net/bg.jpg
控制器 Bg.jpgAction 未找到!

【2016-06-17 17:53:13】
url: http://yiizc.com/robots.txt
控制器 Robots.txtAction 未找到!

【2016-06-17 17:54:35】
url: http://yiizc.com/css/base.css
控制器 CssAction 未找到!

【2016-06-17 18:01:49】
url: http://xxooxo.net/css/base.css
控制器 CssAction 未找到!

【2016-06-17 18:01:49】
url: http://xxooxo.net/bg.jpg
控制器 Bg.jpgAction 未找到!

【2016-06-17 18:02:38】
url: http://xxooxo.net/css/base.css
控制器 CssAction 未找到!

【2016-06-17 18:02:38】
url: http://xxooxo.net/bg.jpg
控制器 Bg.jpgAction 未找到!

【2016-06-17 18:02:39】
url: http://xxooxo.net/css/base.css
控制器 CssAction 未找到!

【2016-06-17 18:02:39】
url: http://xxooxo.net/bg.jpg
控制器 Bg.jpgAction 未找到!

【2016-06-17 18:03:01】
url: http://xxooxo.net/css/base.css
控制器 CssAction 未找到!

【2016-06-17 18:03:03】
url: http://xxooxo.net/bg.jpg
控制器 Bg.jpgAction 未找到!

【2016-06-17 18:03:06】
url: http://xxooxo.net/css/base.css
控制器 CssAction 未找到!

【2016-06-17 18:03:06】
url: http://xxooxo.net/bg.jpg
控制器 Bg.jpgAction 未找到!

【2016-06-17 18:03:41】
url: http://www.xxooxo.com/css/base.css
控制器 CssAction 未找到!

【2016-06-17 18:03:42】
url: http://www.xxooxo.com/bg.jpg
控制器 Bg.jpgAction 未找到!

【2016-06-17 18:04:56】
url: http://xxooxo.net/css/base.css
控制器 CssAction 未找到!

【2016-06-17 18:04:56】
url: http://xxooxo.net/bg.jpg
控制器 Bg.jpgAction 未找到!

【2016-06-17 18:04:57】
url: http://xxooxo.net/css/base.css
控制器 CssAction 未找到!

【2016-06-17 18:04:57】
url: http://xxooxo.net/bg.jpg
控制器 Bg.jpgAction 未找到!

【2016-06-17 18:04:58】
url: http://xxooxo.net/css/base.css
控制器 CssAction 未找到!

【2016-06-17 18:04:58】
url: http://xxooxo.net/bg.jpg
控制器 Bg.jpgAction 未找到!

【2016-06-17 18:05:02】
url: http://xxooxo.net/css/base.css
控制器 CssAction 未找到!

【2016-06-17 18:05:02】
url: http://xxooxo.net/bg.jpg
控制器 Bg.jpgAction 未找到!

【2016-06-17 18:05:03】
url: http://xxooxo.net/css/base.css
控制器 CssAction 未找到!

【2016-06-17 18:05:04】
url: http://xxooxo.net/bg.jpg
控制器 Bg.jpgAction 未找到!

【2016-06-17 18:05:05】
url: http://xxooxo.net/css/base.css
控制器 CssAction 未找到!

【2016-06-17 18:05:05】
url: http://xxooxo.net/bg.jpg
控制器 Bg.jpgAction 未找到!

【2016-06-17 18:08:09】
url: http://xxooxo.net/css/base.css
控制器 CssAction 未找到!

【2016-06-17 18:08:09】
url: http://xxooxo.net/bg.jpg
控制器 Bg.jpgAction 未找到!

【2016-06-17 18:09:05】
url: http://xxooxo.net/css/base.css
控制器 CssAction 未找到!

【2016-06-17 18:09:05】
url: http://xxooxo.net/bg.jpg
控制器 Bg.jpgAction 未找到!

【2016-06-17 18:09:06】
url: http://xxooxo.net/css/base.css
控制器 CssAction 未找到!

【2016-06-17 18:09:06】
url: http://xxooxo.net/bg.jpg
控制器 Bg.jpgAction 未找到!

【2016-06-17 18:09:06】
url: http://xxooxo.net/css/base.css
控制器 CssAction 未找到!

【2016-06-17 18:09:06】
url: http://xxooxo.net/bg.jpg
控制器 Bg.jpgAction 未找到!

【2016-06-17 18:09:12】
url: http://xxooxo.net/css/base.css
控制器 CssAction 未找到!

【2016-06-17 18:09:12】
url: http://xxooxo.net/bg.jpg
控制器 Bg.jpgAction 未找到!

【2016-06-17 18:09:13】
url: http://xxooxo.net/css/base.css
控制器 CssAction 未找到!

【2016-06-17 18:09:13】
url: http://xxooxo.net/bg.jpg
控制器 Bg.jpgAction 未找到!

【2016-06-17 18:09:42】
url: http://xxooxo.net/css/base.css
控制器 CssAction 未找到!

【2016-06-17 18:09:42】
url: http://xxooxo.net/bg.jpg
控制器 Bg.jpgAction 未找到!

【2016-06-17 18:09:43】
url: http://xxooxo.net/css/base.css
控制器 CssAction 未找到!

【2016-06-17 18:09:43】
url: http://xxooxo.net/bg.jpg
控制器 Bg.jpgAction 未找到!

【2016-06-17 18:09:45】
url: http://xxooxo.net/css/base.css
控制器 CssAction 未找到!

【2016-06-17 18:09:45】
url: http://xxooxo.net/bg.jpg
控制器 Bg.jpgAction 未找到!

【2016-06-17 18:09:51】
url: http://xxooxo.net/css/base.css
控制器 CssAction 未找到!

【2016-06-17 18:09:51】
url: http://xxooxo.net/bg.jpg
控制器 Bg.jpgAction 未找到!

【2016-06-17 18:09:52】
url: http://xxooxo.net/css/base.css
控制器 CssAction 未找到!

【2016-06-17 18:09:52】
url: http://xxooxo.net/bg.jpg
控制器 Bg.jpgAction 未找到!

【2016-06-17 18:12:07】
url: http://xxooxo.net/css/base.css
控制器 CssAction 未找到!

【2016-06-17 18:12:07】
url: http://xxooxo.net/bg.jpg
控制器 Bg.jpgAction 未找到!

【2016-06-17 18:12:09】
url: http://xxooxo.net/css/base.css
控制器 CssAction 未找到!

【2016-06-17 18:12:09】
url: http://xxooxo.net/bg.jpg
控制器 Bg.jpgAction 未找到!

【2016-06-17 18:12:10】
url: http://xxooxo.net/css/base.css
控制器 CssAction 未找到!

【2016-06-17 18:12:10】
url: http://xxooxo.net/bg.jpg
控制器 Bg.jpgAction 未找到!

【2016-06-17 18:12:11】
url: http://xxooxo.net/css/base.css
控制器 CssAction 未找到!

【2016-06-17 18:12:11】
url: http://xxooxo.net/bg.jpg
控制器 Bg.jpgAction 未找到!

【2016-06-17 18:12:11】
url: http://xxooxo.net/css/base.css
控制器 CssAction 未找到!

【2016-06-17 18:12:12】
url: http://xxooxo.net/bg.jpg
控制器 Bg.jpgAction 未找到!

【2016-06-17 18:12:13】
url: http://xxooxo.net/css/base.css
控制器 CssAction 未找到!

【2016-06-17 18:12:13】
url: http://xxooxo.net/bg.jpg
控制器 Bg.jpgAction 未找到!

【2016-06-17 18:17:32】
url: http://xxooxo.net/css/base.css
控制器 CssAction 未找到!

【2016-06-17 18:17:32】
url: http://xxooxo.net/bg.jpg
控制器 Bg.jpgAction 未找到!

【2016-06-17 18:17:48】
url: http://xxooxo.net/css/base.css
控制器 CssAction 未找到!

【2016-06-17 18:17:48】
url: http://xxooxo.net/bg.jpg
控制器 Bg.jpgAction 未找到!

【2016-06-17 18:17:48】
url: http://xxooxo.net/css/base.css
控制器 CssAction 未找到!

【2016-06-17 18:17:48】
url: http://xxooxo.net/bg.jpg
控制器 Bg.jpgAction 未找到!

【2016-06-17 18:17:53】
url: http://xxooxo.net/css/base.css
控制器 CssAction 未找到!

【2016-06-17 18:17:53】
url: http://xxooxo.net/bg.jpg
控制器 Bg.jpgAction 未找到!

【2016-06-17 18:18:09】
url: http://59.188.252.210/css/base.css
控制器 CssAction 未找到!

【2016-06-17 18:18:09】
url: http://59.188.252.210/bg.jpg
控制器 Bg.jpgAction 未找到!

【2016-06-17 18:19:55】
url: http://59.188.252.210/css/base.css
控制器 CssAction 未找到!

【2016-06-17 18:19:55】
url: http://59.188.252.210/bg.jpg
控制器 Bg.jpgAction 未找到!

【2016-06-17 18:20:00】
url: http://59.188.252.210/css/base.css
控制器 CssAction 未找到!

【2016-06-17 18:20:00】
url: http://59.188.252.210/bg.jpg
控制器 Bg.jpgAction 未找到!

【2016-06-17 18:20:01】
url: http://59.188.252.210/css/base.css
控制器 CssAction 未找到!

【2016-06-17 18:20:01】
url: http://59.188.252.210/bg.jpg
控制器 Bg.jpgAction 未找到!

【2016-06-17 18:21:07】
url: http://59.188.252.210/css/base.css
控制器 CssAction 未找到!

【2016-06-17 18:21:07】
url: http://59.188.252.210/bg.jpg
控制器 Bg.jpgAction 未找到!

【2016-06-17 18:21:08】
url: http://59.188.252.210/css/base.css
控制器 CssAction 未找到!

【2016-06-17 18:21:08】
url: http://59.188.252.210/bg.jpg
控制器 Bg.jpgAction 未找到!

【2016-06-17 18:21:40】
url: http://59.188.252.210/css/base.css
控制器 CssAction 未找到!

【2016-06-17 18:21:40】
url: http://59.188.252.210/bg.jpg
控制器 Bg.jpgAction 未找到!

【2016-06-17 18:22:08】
url: http://59.188.252.210/css/base.css
控制器 CssAction 未找到!

【2016-06-17 18:22:08】
url: http://59.188.252.210/bg.jpg
控制器 Bg.jpgAction 未找到!

【2016-06-17 18:22:09】
url: http://59.188.252.210/css/base.css
控制器 CssAction 未找到!

【2016-06-17 18:22:09】
url: http://59.188.252.210/bg.jpg
控制器 Bg.jpgAction 未找到!

【2016-06-17 18:22:10】
url: http://59.188.252.210/css/base.css
控制器 CssAction 未找到!

【2016-06-17 18:22:10】
url: http://59.188.252.210/bg.jpg
控制器 Bg.jpgAction 未找到!

【2016-06-17 18:22:11】
url: http://59.188.252.210/css/base.css
控制器 CssAction 未找到!

【2016-06-17 18:22:12】
url: http://59.188.252.210/css/base.css
控制器 CssAction 未找到!

【2016-06-17 18:22:12】
url: http://59.188.252.210/bg.jpg
控制器 Bg.jpgAction 未找到!

【2016-06-17 18:22:12】
url: http://59.188.252.210/bg.jpg
控制器 Bg.jpgAction 未找到!

【2016-06-17 18:22:29】
url: http://59.188.252.210/css/base.css
控制器 CssAction 未找到!

【2016-06-17 18:22:29】
url: http://59.188.252.210/bg.jpg
控制器 Bg.jpgAction 未找到!

【2016-06-17 18:22:30】
url: http://59.188.252.210/css/base.css
控制器 CssAction 未找到!

【2016-06-17 18:22:30】
url: http://59.188.252.210/bg.jpg
控制器 Bg.jpgAction 未找到!

【2016-06-17 18:22:31】
url: http://59.188.252.210/css/base.css
控制器 CssAction 未找到!

【2016-06-17 18:22:31】
url: http://59.188.252.210/bg.jpg
控制器 Bg.jpgAction 未找到!

【2016-06-17 18:22:31】
url: http://59.188.252.210/css/base.css
控制器 CssAction 未找到!

【2016-06-17 18:22:31】
url: http://59.188.252.210/bg.jpg
控制器 Bg.jpgAction 未找到!

【2016-06-17 18:22:31】
url: http://59.188.252.210/css/base.css
控制器 CssAction 未找到!

【2016-06-17 18:22:31】
url: http://59.188.252.210/bg.jpg
控制器 Bg.jpgAction 未找到!

【2016-06-17 18:23:02】
url: http://xxooxo.net/css/base.css
控制器 CssAction 未找到!

【2016-06-17 18:23:02】
url: http://xxooxo.net/bg.jpg
控制器 Bg.jpgAction 未找到!

【2016-06-17 18:24:11】
url: http://xxooxo.cn/css/base.css
控制器 CssAction 未找到!

【2016-06-17 18:24:11】
url: http://xxooxo.cn/bg.jpg
控制器 Bg.jpgAction 未找到!

【2016-06-17 18:24:14】
url: http://xxooxo.cn/css/base.css
控制器 CssAction 未找到!

【2016-06-17 18:24:14】
url: http://xxooxo.cn/bg.jpg
控制器 Bg.jpgAction 未找到!

【2016-06-17 18:24:15】
url: http://xxooxo.cn/css/base.css
控制器 CssAction 未找到!

【2016-06-17 18:24:15】
url: http://xxooxo.cn/bg.jpg
控制器 Bg.jpgAction 未找到!

【2016-06-17 18:24:36】
url: http://xxooxo.cn/css/base.css
控制器 CssAction 未找到!

【2016-06-17 18:24:36】
url: http://xxooxo.cn/bg.jpg
控制器 Bg.jpgAction 未找到!

【2016-06-17 18:24:36】
url: http://www.xxooxo.win/css/base.css
控制器 CssAction 未找到!

【2016-06-17 18:25:45】
url: http://xxooxo.cn/css/base.css
控制器 CssAction 未找到!

【2016-06-17 18:25:46】
url: http://xxooxo.cn/bg.jpg
控制器 Bg.jpgAction 未找到!

【2016-06-17 18:25:46】
url: http://xxooxo.cn/css/base.css
控制器 CssAction 未找到!

【2016-06-17 18:25:46】
url: http://xxooxo.cn/bg.jpg
控制器 Bg.jpgAction 未找到!

【2016-06-17 18:25:47】
url: http://xxooxo.cn/css/base.css
控制器 CssAction 未找到!

【2016-06-17 18:25:47】
url: http://xxooxo.cn/bg.jpg
控制器 Bg.jpgAction 未找到!

【2016-06-17 18:26:04】
url: http://59.188.252.210/css/base.css
控制器 CssAction 未找到!

【2016-06-17 18:26:04】
url: http://59.188.252.210/bg.jpg
控制器 Bg.jpgAction 未找到!

【2016-06-17 18:26:05】
url: http://59.188.252.210/css/base.css
控制器 CssAction 未找到!

【2016-06-17 18:26:05】
url: http://59.188.252.210/bg.jpg
控制器 Bg.jpgAction 未找到!

【2016-06-17 18:26:06】
url: http://59.188.252.210/css/base.css
控制器 CssAction 未找到!

【2016-06-17 18:26:06】
url: http://59.188.252.210/bg.jpg
控制器 Bg.jpgAction 未找到!

【2016-06-17 18:27:33】
url: http://59.188.252.210/css/base.css
控制器 CssAction 未找到!

【2016-06-17 18:27:33】
url: http://59.188.252.210/bg.jpg
控制器 Bg.jpgAction 未找到!

【2016-06-17 18:27:34】
url: http://59.188.252.210/css/base.css
控制器 CssAction 未找到!

【2016-06-17 18:27:34】
url: http://59.188.252.210/bg.jpg
控制器 Bg.jpgAction 未找到!

【2016-06-17 18:27:35】
url: http://59.188.252.210/css/base.css
控制器 CssAction 未找到!

【2016-06-17 18:27:35】
url: http://59.188.252.210/bg.jpg
控制器 Bg.jpgAction 未找到!

【2016-06-17 18:27:35】
url: http://59.188.252.210/css/base.css
控制器 CssAction 未找到!

【2016-06-17 18:27:35】
url: http://59.188.252.210/bg.jpg
控制器 Bg.jpgAction 未找到!

【2016-06-17 18:27:35】
url: http://59.188.252.210/css/base.css
控制器 CssAction 未找到!

【2016-06-17 18:27:35】
url: http://59.188.252.210/bg.jpg
控制器 Bg.jpgAction 未找到!

【2016-06-17 18:27:38】
url: http://59.188.252.210/css/base.css
控制器 CssAction 未找到!

【2016-06-17 18:27:39】
url: http://59.188.252.210/bg.jpg
控制器 Bg.jpgAction 未找到!

【2016-06-17 18:27:39】
url: http://59.188.252.210/css/base.css
控制器 CssAction 未找到!

【2016-06-17 18:27:39】
url: http://59.188.252.210/bg.jpg
控制器 Bg.jpgAction 未找到!

【2016-06-17 18:28:10】
url: http://xxooxo.net/css/base.css
控制器 CssAction 未找到!

【2016-06-17 18:28:10】
url: http://xxooxo.net/bg.jpg
控制器 Bg.jpgAction 未找到!

【2016-06-17 18:29:13】
url: http://xxooxo.com/css/base.css
控制器 CssAction 未找到!

【2016-06-17 18:29:13】
url: http://xxooxo.com/bg.jpg
控制器 Bg.jpgAction 未找到!

【2016-06-17 18:29:15】
url: http://xxooxo.com/css/base.css
控制器 CssAction 未找到!

【2016-06-17 18:29:15】
url: http://xxooxo.com/bg.jpg
控制器 Bg.jpgAction 未找到!

【2016-06-17 18:29:16】
url: http://xxooxo.com/css/base.css
控制器 CssAction 未找到!

【2016-06-17 18:29:16】
url: http://xxooxo.com/bg.jpg
控制器 Bg.jpgAction 未找到!

【2016-06-17 18:29:19】
url: http://xxooxo.com/css/base.css
控制器 CssAction 未找到!

【2016-06-17 18:29:19】
url: http://xxooxo.com/bg.jpg
控制器 Bg.jpgAction 未找到!

【2016-06-17 18:29:20】
url: http://xxooxo.com/css/base.css
控制器 CssAction 未找到!

【2016-06-17 18:29:20】
url: http://xxooxo.com/bg.jpg
控制器 Bg.jpgAction 未找到!

【2016-06-17 18:29:21】
url: http://xxooxo.com/css/base.css
控制器 CssAction 未找到!

【2016-06-17 18:29:21】
url: http://xxooxo.com/bg.jpg
控制器 Bg.jpgAction 未找到!

【2016-06-17 18:29:23】
url: http://xxooxo.com/css/base.css
控制器 CssAction 未找到!

【2016-06-17 18:29:23】
url: http://xxooxo.com/bg.jpg
控制器 Bg.jpgAction 未找到!

【2016-06-17 18:29:24】
url: http://xxooxo.com/css/base.css
控制器 CssAction 未找到!

【2016-06-17 18:29:24】
url: http://xxooxo.com/bg.jpg
控制器 Bg.jpgAction 未找到!

【2016-06-17 18:29:25】
url: http://xxooxo.com/css/base.css
控制器 CssAction 未找到!

【2016-06-17 18:29:25】
url: http://xxooxo.com/bg.jpg
控制器 Bg.jpgAction 未找到!

【2016-06-17 18:29:25】
url: http://xxooxo.com/css/base.css
控制器 CssAction 未找到!

【2016-06-17 18:29:25】
url: http://xxooxo.com/bg.jpg
控制器 Bg.jpgAction 未找到!

【2016-06-17 18:29:27】
url: http://xxooxo.com/css/base.css
控制器 CssAction 未找到!

【2016-06-17 18:29:27】
url: http://xxooxo.com/bg.jpg
控制器 Bg.jpgAction 未找到!

【2016-06-17 18:29:27】
url: http://xxooxo.com/css/base.css
控制器 CssAction 未找到!

【2016-06-17 18:29:27】
url: http://xxooxo.com/bg.jpg
控制器 Bg.jpgAction 未找到!

【2016-06-17 18:29:27】
url: http://xxooxo.com/css/base.css
控制器 CssAction 未找到!

【2016-06-17 18:29:27】
url: http://xxooxo.com/bg.jpg
控制器 Bg.jpgAction 未找到!

【2016-06-17 18:29:32】
url: http://xxooxo.com/css/base.css
控制器 CssAction 未找到!

【2016-06-17 18:29:32】
url: http://xxooxo.com/bg.jpg
控制器 Bg.jpgAction 未找到!

【2016-06-17 18:29:32】
url: http://xxooxo.com/css/base.css
控制器 CssAction 未找到!

【2016-06-17 18:29:32】
url: http://xxooxo.com/bg.jpg
控制器 Bg.jpgAction 未找到!

【2016-06-17 18:29:32】
url: http://xxooxo.com/css/base.css
控制器 CssAction 未找到!

【2016-06-17 18:29:32】
url: http://xxooxo.com/bg.jpg
控制器 Bg.jpgAction 未找到!

【2016-06-17 18:29:32】
url: http://xxooxo.com/css/base.css
控制器 CssAction 未找到!

【2016-06-17 18:29:32】
url: http://xxooxo.com/bg.jpg
控制器 Bg.jpgAction 未找到!

【2016-06-17 18:29:33】
url: http://xxooxo.com/css/base.css
控制器 CssAction 未找到!

【2016-06-17 18:29:33】
url: http://xxooxo.com/bg.jpg
控制器 Bg.jpgAction 未找到!

【2016-06-17 18:29:33】
url: http://xxooxo.com/css/base.css
控制器 CssAction 未找到!

【2016-06-17 18:29:33】
url: http://xxooxo.com/bg.jpg
控制器 Bg.jpgAction 未找到!

【2016-06-17 18:29:33】
url: http://xxooxo.com/css/base.css
控制器 CssAction 未找到!

【2016-06-17 18:29:33】
url: http://xxooxo.com/bg.jpg
控制器 Bg.jpgAction 未找到!

【2016-06-17 18:29:33】
url: http://xxooxo.com/css/base.css
控制器 CssAction 未找到!

【2016-06-17 18:29:33】
url: http://xxooxo.com/bg.jpg
控制器 Bg.jpgAction 未找到!

【2016-06-17 18:29:33】
url: http://xxooxo.com/css/base.css
控制器 CssAction 未找到!

【2016-06-17 18:29:33】
url: http://xxooxo.com/bg.jpg
控制器 Bg.jpgAction 未找到!

【2016-06-17 18:29:35】
url: http://xxooxo.com/css/base.css
控制器 CssAction 未找到!

【2016-06-17 18:29:35】
url: http://xxooxo.com/bg.jpg
控制器 Bg.jpgAction 未找到!

【2016-06-17 18:29:35】
url: http://xxooxo.com/css/base.css
控制器 CssAction 未找到!

【2016-06-17 18:29:35】
url: http://xxooxo.com/bg.jpg
控制器 Bg.jpgAction 未找到!

【2016-06-17 18:29:36】
url: http://xxooxo.com/css/base.css
控制器 CssAction 未找到!

【2016-06-17 18:29:37】
url: http://xxooxo.com/bg.jpg
控制器 Bg.jpgAction 未找到!

【2016-06-17 18:29:37】
url: http://xxooxo.com/css/base.css
控制器 CssAction 未找到!

【2016-06-17 18:29:37】
url: http://xxooxo.com/bg.jpg
控制器 Bg.jpgAction 未找到!

【2016-06-17 18:29:40】
url: http://xxooxo.com/css/base.css
控制器 CssAction 未找到!

【2016-06-17 18:29:40】
url: http://xxooxo.com/bg.jpg
控制器 Bg.jpgAction 未找到!

【2016-06-17 18:30:25】
url: http://xxooxo.com/css/base.css
控制器 CssAction 未找到!

【2016-06-17 18:30:25】
url: http://xxooxo.com/bg.jpg
控制器 Bg.jpgAction 未找到!

【2016-06-17 18:30:25】
url: http://xxooxo.com/css/base.css
控制器 CssAction 未找到!

【2016-06-17 18:30:25】
url: http://xxooxo.com/bg.jpg
控制器 Bg.jpgAction 未找到!

【2016-06-17 18:30:26】
url: http://xxooxo.com/css/base.css
控制器 CssAction 未找到!

【2016-06-17 18:30:26】
url: http://xxooxo.com/bg.jpg
控制器 Bg.jpgAction 未找到!

【2016-06-17 18:30:27】
url: http://xxooxo.com/css/base.css
控制器 CssAction 未找到!

【2016-06-17 18:30:27】
url: http://xxooxo.com/bg.jpg
控制器 Bg.jpgAction 未找到!

【2016-06-17 18:30:28】
url: http://xxooxo.com/css/base.css
控制器 CssAction 未找到!

【2016-06-17 18:30:28】
url: http://xxooxo.com/bg.jpg
控制器 Bg.jpgAction 未找到!

【2016-06-17 18:30:29】
url: http://xxooxo.com/css/base.css
控制器 CssAction 未找到!

【2016-06-17 18:30:29】
url: http://xxooxo.com/bg.jpg
控制器 Bg.jpgAction 未找到!

【2016-06-17 18:30:31】
url: http://xxooxo.com/css/base.css
控制器 CssAction 未找到!

【2016-06-17 18:30:31】
url: http://xxooxo.com/bg.jpg
控制器 Bg.jpgAction 未找到!

【2016-06-17 18:30:32】
url: http://xxooxo.com/css/base.css
控制器 CssAction 未找到!

【2016-06-17 18:30:32】
url: http://xxooxo.com/bg.jpg
控制器 Bg.jpgAction 未找到!

【2016-06-17 18:30:35】
url: http://xxooxo.com/css/base.css
控制器 CssAction 未找到!

【2016-06-17 18:30:35】
url: http://xxooxo.com/bg.jpg
控制器 Bg.jpgAction 未找到!

【2016-06-17 18:30:36】
url: http://xxooxo.com/css/base.css
控制器 CssAction 未找到!

【2016-06-17 18:30:36】
url: http://xxooxo.com/bg.jpg
控制器 Bg.jpgAction 未找到!

【2016-06-17 18:30:37】
url: http://xxooxo.com/css/base.css
控制器 CssAction 未找到!

【2016-06-17 18:30:37】
url: http://xxooxo.com/bg.jpg
控制器 Bg.jpgAction 未找到!

【2016-06-17 18:30:38】
url: http://xxooxo.com/css/base.css
控制器 CssAction 未找到!

【2016-06-17 18:30:38】
url: http://xxooxo.com/bg.jpg
控制器 Bg.jpgAction 未找到!

【2016-06-17 18:30:38】
url: http://xxooxo.com/css/base.css
控制器 CssAction 未找到!

【2016-06-17 18:30:38】
url: http://xxooxo.com/bg.jpg
控制器 Bg.jpgAction 未找到!

【2016-06-17 18:30:39】
url: http://xxooxo.com/css/base.css
控制器 CssAction 未找到!

【2016-06-17 18:30:39】
url: http://xxooxo.com/bg.jpg
控制器 Bg.jpgAction 未找到!

【2016-06-17 18:30:39】
url: http://xxooxo.com/css/base.css
控制器 CssAction 未找到!

【2016-06-17 18:30:39】
url: http://xxooxo.com/bg.jpg
控制器 Bg.jpgAction 未找到!

【2016-06-17 18:30:41】
url: http://xxooxo.com/css/base.css
控制器 CssAction 未找到!

【2016-06-17 18:30:41】
url: http://xxooxo.com/bg.jpg
控制器 Bg.jpgAction 未找到!

【2016-06-17 18:30:42】
url: http://xxooxo.com/css/base.css
控制器 CssAction 未找到!

【2016-06-17 18:30:42】
url: http://xxooxo.com/bg.jpg
控制器 Bg.jpgAction 未找到!

【2016-06-17 18:30:42】
url: http://xxooxo.com/css/base.css
控制器 CssAction 未找到!

【2016-06-17 18:30:42】
url: http://xxooxo.com/bg.jpg
控制器 Bg.jpgAction 未找到!

【2016-06-17 18:30:44】
url: http://xxooxo.com/css/base.css
控制器 CssAction 未找到!

【2016-06-17 18:30:44】
url: http://xxooxo.com/bg.jpg
控制器 Bg.jpgAction 未找到!

【2016-06-17 18:30:45】
url: http://xxooxo.com/css/base.css
控制器 CssAction 未找到!

【2016-06-17 18:30:45】
url: http://xxooxo.com/bg.jpg
控制器 Bg.jpgAction 未找到!

【2016-06-17 18:30:46】
url: http://xxooxo.com/css/base.css
控制器 CssAction 未找到!

【2016-06-17 18:30:46】
url: http://xxooxo.com/bg.jpg
控制器 Bg.jpgAction 未找到!

【2016-06-17 18:31:26】
url: http://xxooxo.com/css/base.css
控制器 CssAction 未找到!

【2016-06-17 18:31:26】
url: http://xxooxo.com/bg.jpg
控制器 Bg.jpgAction 未找到!

【2016-06-17 18:31:27】
url: http://xxooxo.com/css/base.css
控制器 CssAction 未找到!

【2016-06-17 18:31:27】
url: http://xxooxo.com/bg.jpg
控制器 Bg.jpgAction 未找到!

【2016-06-17 18:31:37】
url: http://xxooxo.net/css/base.css
控制器 CssAction 未找到!

【2016-06-17 18:31:37】
url: http://xxooxo.net/bg.jpg
控制器 Bg.jpgAction 未找到!

【2016-06-17 18:31:38】
url: http://xxooxo.net/css/base.css
控制器 CssAction 未找到!

【2016-06-17 18:31:38】
url: http://xxooxo.net/bg.jpg
控制器 Bg.jpgAction 未找到!

【2016-06-17 18:31:40】
url: http://xxooxo.net/css/base.css
控制器 CssAction 未找到!

【2016-06-17 18:31:40】
url: http://xxooxo.net/bg.jpg
控制器 Bg.jpgAction 未找到!

【2016-06-17 18:31:41】
url: http://xxooxo.net/css/base.css
控制器 CssAction 未找到!

【2016-06-17 18:31:41】
url: http://xxooxo.net/bg.jpg
控制器 Bg.jpgAction 未找到!

【2016-06-17 18:31:42】
url: http://xxooxo.net/css/base.css
控制器 CssAction 未找到!

【2016-06-17 18:31:42】
url: http://xxooxo.net/bg.jpg
控制器 Bg.jpgAction 未找到!

【2016-06-17 18:31:46】
url: http://xxooxo.net/css/base.css
控制器 CssAction 未找到!

【2016-06-17 18:31:46】
url: http://xxooxo.net/bg.jpg
控制器 Bg.jpgAction 未找到!

【2016-06-17 18:31:46】
url: http://xxooxo.net/css/base.css
控制器 CssAction 未找到!

【2016-06-17 18:31:46】
url: http://xxooxo.net/bg.jpg
控制器 Bg.jpgAction 未找到!

【2016-06-17 18:31:46】
url: http://xxooxo.net/css/base.css
控制器 CssAction 未找到!

【2016-06-17 18:31:46】
url: http://xxooxo.net/bg.jpg
控制器 Bg.jpgAction 未找到!

【2016-06-17 18:31:47】
url: http://xxooxo.net/css/base.css
控制器 CssAction 未找到!

【2016-06-17 18:31:47】
url: http://xxooxo.net/bg.jpg
控制器 Bg.jpgAction 未找到!

【2016-06-17 18:31:47】
url: http://xxooxo.net/css/base.css
控制器 CssAction 未找到!

【2016-06-17 18:31:47】
url: http://xxooxo.net/bg.jpg
控制器 Bg.jpgAction 未找到!

【2016-06-17 18:31:47】
url: http://xxooxo.net/css/base.css
控制器 CssAction 未找到!

【2016-06-17 18:31:47】
url: http://xxooxo.net/bg.jpg
控制器 Bg.jpgAction 未找到!

